<?xml version="1.0" encoding="UTF-8"?>
<!-- Generated by org.testng.reporters.JUnitReportReporter -->
<testsuite hostname="LAPTOP-APJF2TRE" failures="0" tests="1" name="com.floowdrive.testclasses.LoginTests" time="1.035" errors="0" timestamp="2020-03-18T01:02:39 IST" skipped="0">
  <testcase classname="com.floowdrive.testclasses.LoginTests" name="loginApp" time="1.035"/>
</testsuite> <!-- com.floowdrive.testclasses.LoginTests -->
