<?xml version="1.0" encoding="UTF-8"?>
<!-- Generated by org.testng.reporters.JUnitReportReporter -->
<testsuite hostname="LAPTOP-APJF2TRE" failures="0" tests="2" name="com.floowdrive.base.TestOne" time="25.971" errors="0" timestamp="2020-03-18T18:59:23 IST" skipped="0">
  <testcase classname="com.floowdrive.base.TestOne" name="sample" time="15.575"/>
  <system-out/>
  <testcase classname="com.floowdrive.base.TestOne" name="setDevice" time="10.396"/>
  <system-out/>
</testsuite> <!-- com.floowdrive.base.TestOne -->
