<?xml version="1.0" encoding="UTF-8"?>
<!-- Generated by org.testng.reporters.JUnitReportReporter -->
<testsuite hostname="LAPTOP-APJF2TRE" failures="0" tests="1" name="com.floowdrive.config.DeviceSetup" time="8.748" errors="0" timestamp="2020-03-18T06:04:14 IST" skipped="0">
  <testcase classname="com.floowdrive.config.DeviceSetup" name="setDevice" time="8.748"/>
</testsuite> <!-- com.floowdrive.config.DeviceSetup -->
