<?xml version="1.0" encoding="UTF-8"?>
<!-- Generated by org.testng.reporters.JUnitReportReporter -->
<testsuite hostname="LAPTOP-APJF2TRE" failures="0" tests="1" name="com.floowdrive.base.BaseTest" time="8.815" errors="0" timestamp="2020-03-18T20:06:35 IST" skipped="0">
  <testcase classname="com.floowdrive.base.BaseTest" name="setDevice" time="8.815"/>
  <system-out/>
</testsuite> <!-- com.floowdrive.base.BaseTest -->
